<?xml version="1.0" encoding="UTF-8"?>
<testsuite xmlns:xsi="http://www.w3.org/2001/XMLSchema-instance" xsi:noNamespaceSchemaLocation="https://maven.apache.org/surefire/maven-surefire-plugin/xsd/surefire-test-report-3.0.xsd" version="3.0" name="com.example.demo.controllers.CategoryControllerIntegrationTests" time="2.606" tests="5" errors="0" skipped="0" failures="1">
  <properties>
[...]
</properties>
  <testcase name="testFindAll" classname="com.example.demo.controllers.CategoryControllerIntegrationTests" time="0.073">
    <failure message="JSON path &quot;$[0].id&quot; expected:&lt;52&gt; but was:&lt;1&gt;" type="java.lang.AssertionError"><![CDATA[java.lang.AssertionError: JSON path "$[0].id" expected:<52> but was:<1>
	at org.springframework.test.util.AssertionErrors.fail(AssertionErrors.java:59)
	at org.springframework.test.util.AssertionErrors.assertEquals(AssertionErrors.java:122)
	at org.springframework.test.util.JsonPathExpectationsHelper.assertValue(JsonPathExpectationsHelper.java:123)
	at org.springframework.test.web.servlet.result.JsonPathResultMatchers.lambda$value$2(JsonPathResultMatchers.java:111)
	at org.springframework.test.web.servlet.MockMvc$1.andExpect(MockMvc.java:214)
	at com.example.demo.controllers.CategoryControllerIntegrationTests.testFindAll(CategoryControllerIntegrationTests.java:91)
	at java.base/java.lang.reflect.Method.invoke(Method.java:580)
	at java.base/java.util.ArrayList.forEach(ArrayList.java:1596)
	at java.base/java.util.ArrayList.forEach(ArrayList.java:1596)
]]></failure>
    <system-out><![CDATA[2024-12-21T22:17:11.551+01:00  INFO 18848 --- [           main] t.c.s.AnnotationConfigContextLoaderUtils : Could not detect default configuration classes for test class [com.example.demo.controllers.CategoryControllerIntegrationTests]: CategoryControllerIntegrationTests does not declare any static, non-private, non-final, nested classes annotated with @Configuration.
2024-12-21T22:17:11.556+01:00  INFO 18848 --- [           main] .b.t.c.SpringBootTestContextBootstrapper : Found @SpringBootConfiguration com.example.demo.DemoApplication for test class com.example.demo.controllers.CategoryControllerIntegrationTests

  .   ____          _            __ _ _
 /\\ / ___'_ __ _ _(_)_ __  __ _ \ \ \ \
( ( )\___ | '_ | '_| | '_ \/ _` | \ \ \ \
 \\/  ___)| |_)| | | | | || (_| |  ) ) ) )
  '  |____| .__|_| |_|_| |_\__, | / / / /
 =========|_|==============|___/=/_/_/_/

 :: Spring Boot ::                (v3.3.5)

2024-12-21T22:17:11.590+01:00  INFO 18848 --- [           main] e.d.c.CategoryControllerIntegrationTests : Starting CategoryControllerIntegrationTests using Java 21.0.5 with PID 18848 (started by HP in C:\Users\HP\Desktop\Coding\spring_boot_project-\supporting_project\supporting_project)
2024-12-21T22:17:11.590+01:00  INFO 18848 --- [           main] e.d.c.CategoryControllerIntegrationTests : No active profile set, falling back to 1 default profile: "default"
2024-12-21T22:17:11.772+01:00  INFO 18848 --- [           main] .s.d.r.c.RepositoryConfigurationDelegate : Bootstrapping Spring Data JPA repositories in DEFAULT mode.
2024-12-21T22:17:11.789+01:00  INFO 18848 --- [           main] .s.d.r.c.RepositoryConfigurationDelegate : Finished Spring Data repository scanning in 16 ms. Found 3 JPA repository interfaces.
2024-12-21T22:17:11.855+01:00  INFO 18848 --- [           main] o.hibernate.jpa.internal.util.LogHelper  : HHH000204: Processing PersistenceUnitInfo [name: default]
2024-12-21T22:17:11.858+01:00  INFO 18848 --- [           main] o.h.c.internal.RegionFactoryInitiator    : HHH000026: Second-level cache disabled
2024-12-21T22:17:11.873+01:00  INFO 18848 --- [           main] o.s.o.j.p.SpringPersistenceUnitInfo      : No LoadTimeWeaver setup: ignoring JPA class transformer
2024-12-21T22:17:11.874+01:00  INFO 18848 --- [           main] com.zaxxer.hikari.HikariDataSource       : HikariPool-7 - Starting...
2024-12-21T22:17:11.876+01:00  INFO 18848 --- [           main] com.zaxxer.hikari.pool.HikariPool        : HikariPool-7 - Added connection conn52: url=jdbc:h2:mem:testdb user=SA
2024-12-21T22:17:11.876+01:00  INFO 18848 --- [           main] com.zaxxer.hikari.HikariDataSource       : HikariPool-7 - Start completed.
2024-12-21T22:17:11.876+01:00  WARN 18848 --- [           main] org.hibernate.orm.deprecation            : HHH90000025: H2Dialect does not need to be specified explicitly using 'hibernate.dialect' (remove the property setting and it will be selected by default)
2024-12-21T22:17:11.961+01:00  INFO 18848 --- [           main] o.h.e.t.j.p.i.JtaPlatformInitiator       : HHH000489: No JTA platform available (set 'hibernate.transaction.jta.platform' to enable JTA platform integration)
2024-12-21T22:17:11.964+01:00  INFO 18848 --- [           main] j.LocalContainerEntityManagerFactoryBean : Initialized JPA EntityManagerFactory for persistence unit 'default'
2024-12-21T22:17:12.046+01:00  WARN 18848 --- [           main] JpaBaseConfiguration$JpaWebConfiguration : spring.jpa.open-in-view is enabled by default. Therefore, database queries may be performed during view rendering. Explicitly configure spring.jpa.open-in-view to disable this warning
2024-12-21T22:17:12.123+01:00  INFO 18848 --- [           main] o.s.b.t.m.w.SpringBootMockServletContext : Initializing Spring TestDispatcherServlet ''
2024-12-21T22:17:12.123+01:00  INFO 18848 --- [           main] o.s.t.web.servlet.TestDispatcherServlet  : Initializing Servlet ''
2024-12-21T22:17:12.123+01:00  INFO 18848 --- [           main] o.s.t.web.servlet.TestDispatcherServlet  : Completed initialization in 0 ms
2024-12-21T22:17:12.128+01:00  INFO 18848 --- [           main] e.d.c.CategoryControllerIntegrationTests : Started CategoryControllerIntegrationTests in 0.568 seconds (process running for 14.389)
Hibernate: 
    select
        next value for categories_seq
Hibernate: 
    insert 
    into
        categories
        (label, id) 
    values
        (?, ?)
Hibernate: 
    insert 
    into
        categories
        (label, id) 
    values
        (?, ?)
Hibernate: 
    select
        ce1_0.id,
        ce1_0.label 
    from
        categories ce1_0

MockHttpServletRequest:
      HTTP Method = GET
      Request URI = /api/category/all
       Parameters = {}
          Headers = [Content-Type:"application/json;charset=UTF-8"]
             Body = null
    Session Attrs = {}

Handler:
             Type = com.example.demo.controllers.CategoryController
           Method = com.example.demo.controllers.CategoryController#getAll()

Async:
    Async started = false
     Async result = null

Resolved Exception:
             Type = null

ModelAndView:
        View name = null
             View = null
            Model = null

FlashMap:
       Attributes = null

MockHttpServletResponse:
           Status = 200
    Error message = null
          Headers = [Content-Type:"application/json"]
     Content type = application/json
             Body = [{"id":1,"label":"Astronomy"},{"id":2,"label":"Mechanics"},{"id":3,"label":"Sport"},{"id":4,"label":"Sport"},{"id":5,"label":"Info"},{"id":6,"label":"Philosophy"},{"id":52,"label":"hala"},{"id":53,"label":"sami"}]
    Forwarded URL = null
   Redirected URL = null
          Cookies = []
2024-12-21T22:17:12.156+01:00  INFO 18848 --- [           main] j.LocalContainerEntityManagerFactoryBean : Closing JPA EntityManagerFactory for persistence unit 'default'
2024-12-21T22:17:12.156+01:00  INFO 18848 --- [           main] com.zaxxer.hikari.HikariDataSource       : HikariPool-7 - Shutdown initiated...
2024-12-21T22:17:12.202+01:00  INFO 18848 --- [           main] com.zaxxer.hikari.HikariDataSource       : HikariPool-7 - Shutdown completed.
]]></system-out>
  </testcase>
  <testcase name="testFindById" classname="com.example.demo.controllers.CategoryControllerIntegrationTests" time="0.03">
    <system-out><![CDATA[
  .   ____          _            __ _ _
 /\\ / ___'_ __ _ _(_)_ __  __ _ \ \ \ \
( ( )\___ | '_ | '_| | '_ \/ _` | \ \ \ \
 \\/  ___)| |_)| | | | | || (_| |  ) ) ) )
  '  |____| .__|_| |_|_| |_\__, | / / / /
 =========|_|==============|___/=/_/_/_/

 :: Spring Boot ::                (v3.3.5)

2024-12-21T22:17:12.238+01:00  INFO 18848 --- [           main] e.d.c.CategoryControllerIntegrationTests : Starting CategoryControllerIntegrationTests using Java 21.0.5 with PID 18848 (started by HP in C:\Users\HP\Desktop\Coding\spring_boot_project-\supporting_project\supporting_project)
2024-12-21T22:17:12.239+01:00  INFO 18848 --- [           main] e.d.c.CategoryControllerIntegrationTests : No active profile set, falling back to 1 default profile: "default"
2024-12-21T22:17:12.399+01:00  INFO 18848 --- [           main] .s.d.r.c.RepositoryConfigurationDelegate : Bootstrapping Spring Data JPA repositories in DEFAULT mode.
2024-12-21T22:17:12.415+01:00  INFO 18848 --- [           main] .s.d.r.c.RepositoryConfigurationDelegate : Finished Spring Data repository scanning in 15 ms. Found 3 JPA repository interfaces.
2024-12-21T22:17:12.475+01:00  INFO 18848 --- [           main] o.hibernate.jpa.internal.util.LogHelper  : HHH000204: Processing PersistenceUnitInfo [name: default]
2024-12-21T22:17:12.478+01:00  INFO 18848 --- [           main] o.h.c.internal.RegionFactoryInitiator    : HHH000026: Second-level cache disabled
2024-12-21T22:17:12.487+01:00  INFO 18848 --- [           main] o.s.o.j.p.SpringPersistenceUnitInfo      : No LoadTimeWeaver setup: ignoring JPA class transformer
2024-12-21T22:17:12.488+01:00  INFO 18848 --- [           main] com.zaxxer.hikari.HikariDataSource       : HikariPool-8 - Starting...
2024-12-21T22:17:12.489+01:00  INFO 18848 --- [           main] com.zaxxer.hikari.pool.HikariPool        : HikariPool-8 - Added connection conn59: url=jdbc:h2:mem:testdb user=SA
2024-12-21T22:17:12.489+01:00  INFO 18848 --- [           main] com.zaxxer.hikari.HikariDataSource       : HikariPool-8 - Start completed.
2024-12-21T22:17:12.490+01:00  WARN 18848 --- [           main] org.hibernate.orm.deprecation            : HHH90000025: H2Dialect does not need to be specified explicitly using 'hibernate.dialect' (remove the property setting and it will be selected by default)
2024-12-21T22:17:12.563+01:00  INFO 18848 --- [           main] o.h.e.t.j.p.i.JtaPlatformInitiator       : HHH000489: No JTA platform available (set 'hibernate.transaction.jta.platform' to enable JTA platform integration)
2024-12-21T22:17:12.565+01:00  INFO 18848 --- [           main] j.LocalContainerEntityManagerFactoryBean : Initialized JPA EntityManagerFactory for persistence unit 'default'
2024-12-21T22:17:12.610+01:00  WARN 18848 --- [           main] JpaBaseConfiguration$JpaWebConfiguration : spring.jpa.open-in-view is enabled by default. Therefore, database queries may be performed during view rendering. Explicitly configure spring.jpa.open-in-view to disable this warning
2024-12-21T22:17:12.676+01:00  INFO 18848 --- [           main] o.s.b.t.m.w.SpringBootMockServletContext : Initializing Spring TestDispatcherServlet ''
2024-12-21T22:17:12.676+01:00  INFO 18848 --- [           main] o.s.t.web.servlet.TestDispatcherServlet  : Initializing Servlet ''
2024-12-21T22:17:12.676+01:00  INFO 18848 --- [           main] o.s.t.web.servlet.TestDispatcherServlet  : Completed initialization in 0 ms
2024-12-21T22:17:12.681+01:00  INFO 18848 --- [           main] e.d.c.CategoryControllerIntegrationTests : Started CategoryControllerIntegrationTests in 0.47 seconds (process running for 14.941)
Hibernate: 
    select
        next value for categories_seq
Hibernate: 
    insert 
    into
        categories
        (label, id) 
    values
        (?, ?)
Hibernate: 
    select
        ce1_0.id,
        ce1_0.label 
    from
        categories ce1_0 
    where
        ce1_0.id=?
2024-12-21T22:17:12.697+01:00  INFO 18848 --- [           main] j.LocalContainerEntityManagerFactoryBean : Closing JPA EntityManagerFactory for persistence unit 'default'
2024-12-21T22:17:12.698+01:00  INFO 18848 --- [           main] com.zaxxer.hikari.HikariDataSource       : HikariPool-8 - Shutdown initiated...
2024-12-21T22:17:12.714+01:00  INFO 18848 --- [           main] com.zaxxer.hikari.HikariDataSource       : HikariPool-8 - Shutdown completed.
]]></system-out>
  </testcase>
  <testcase name="testCreate" classname="com.example.demo.controllers.CategoryControllerIntegrationTests" time="0.023">
    <system-out><![CDATA[
  .   ____          _            __ _ _
 /\\ / ___'_ __ _ _(_)_ __  __ _ \ \ \ \
( ( )\___ | '_ | '_| | '_ \/ _` | \ \ \ \
 \\/  ___)| |_)| | | | | || (_| |  ) ) ) )
  '  |____| .__|_| |_|_| |_\__, | / / / /
 =========|_|==============|___/=/_/_/_/

 :: Spring Boot ::                (v3.3.5)

2024-12-21T22:17:12.737+01:00  INFO 18848 --- [           main] e.d.c.CategoryControllerIntegrationTests : Starting CategoryControllerIntegrationTests using Java 21.0.5 with PID 18848 (started by HP in C:\Users\HP\Desktop\Coding\spring_boot_project-\supporting_project\supporting_project)
2024-12-21T22:17:12.738+01:00  INFO 18848 --- [           main] e.d.c.CategoryControllerIntegrationTests : No active profile set, falling back to 1 default profile: "default"
2024-12-21T22:17:12.879+01:00  INFO 18848 --- [           main] .s.d.r.c.RepositoryConfigurationDelegate : Bootstrapping Spring Data JPA repositories in DEFAULT mode.
2024-12-21T22:17:12.893+01:00  INFO 18848 --- [           main] .s.d.r.c.RepositoryConfigurationDelegate : Finished Spring Data repository scanning in 15 ms. Found 3 JPA repository interfaces.
2024-12-21T22:17:12.947+01:00  INFO 18848 --- [           main] o.hibernate.jpa.internal.util.LogHelper  : HHH000204: Processing PersistenceUnitInfo [name: default]
2024-12-21T22:17:12.952+01:00  INFO 18848 --- [           main] o.h.c.internal.RegionFactoryInitiator    : HHH000026: Second-level cache disabled
2024-12-21T22:17:12.961+01:00  INFO 18848 --- [           main] o.s.o.j.p.SpringPersistenceUnitInfo      : No LoadTimeWeaver setup: ignoring JPA class transformer
2024-12-21T22:17:12.963+01:00  INFO 18848 --- [           main] com.zaxxer.hikari.HikariDataSource       : HikariPool-9 - Starting...
2024-12-21T22:17:12.964+01:00  INFO 18848 --- [           main] com.zaxxer.hikari.pool.HikariPool        : HikariPool-9 - Added connection conn63: url=jdbc:h2:mem:testdb user=SA
2024-12-21T22:17:12.964+01:00  INFO 18848 --- [           main] com.zaxxer.hikari.HikariDataSource       : HikariPool-9 - Start completed.
2024-12-21T22:17:12.965+01:00  WARN 18848 --- [           main] org.hibernate.orm.deprecation            : HHH90000025: H2Dialect does not need to be specified explicitly using 'hibernate.dialect' (remove the property setting and it will be selected by default)
2024-12-21T22:17:13.019+01:00  INFO 18848 --- [           main] o.h.e.t.j.p.i.JtaPlatformInitiator       : HHH000489: No JTA platform available (set 'hibernate.transaction.jta.platform' to enable JTA platform integration)
2024-12-21T22:17:13.020+01:00  INFO 18848 --- [           main] j.LocalContainerEntityManagerFactoryBean : Initialized JPA EntityManagerFactory for persistence unit 'default'
2024-12-21T22:17:13.078+01:00  WARN 18848 --- [           main] JpaBaseConfiguration$JpaWebConfiguration : spring.jpa.open-in-view is enabled by default. Therefore, database queries may be performed during view rendering. Explicitly configure spring.jpa.open-in-view to disable this warning
2024-12-21T22:17:13.152+01:00  INFO 18848 --- [           main] o.s.b.t.m.w.SpringBootMockServletContext : Initializing Spring TestDispatcherServlet ''
2024-12-21T22:17:13.152+01:00  INFO 18848 --- [           main] o.s.t.web.servlet.TestDispatcherServlet  : Initializing Servlet ''
2024-12-21T22:17:13.153+01:00  INFO 18848 --- [           main] o.s.t.web.servlet.TestDispatcherServlet  : Completed initialization in 0 ms
2024-12-21T22:17:13.157+01:00  INFO 18848 --- [           main] e.d.c.CategoryControllerIntegrationTests : Started CategoryControllerIntegrationTests in 0.439 seconds (process running for 15.418)
Hibernate: 
    select
        next value for categories_seq
Hibernate: 
    insert 
    into
        categories
        (label, id) 
    values
        (?, ?)
2024-12-21T22:17:13.173+01:00  INFO 18848 --- [           main] j.LocalContainerEntityManagerFactoryBean : Closing JPA EntityManagerFactory for persistence unit 'default'
2024-12-21T22:17:13.174+01:00  INFO 18848 --- [           main] com.zaxxer.hikari.HikariDataSource       : HikariPool-9 - Shutdown initiated...
2024-12-21T22:17:13.181+01:00  INFO 18848 --- [           main] com.zaxxer.hikari.HikariDataSource       : HikariPool-9 - Shutdown completed.
]]></system-out>
  </testcase>
  <testcase name="testDelete" classname="com.example.demo.controllers.CategoryControllerIntegrationTests" time="0.043">
    <system-out><![CDATA[
  .   ____          _            __ _ _
 /\\ / ___'_ __ _ _(_)_ __  __ _ \ \ \ \
( ( )\___ | '_ | '_| | '_ \/ _` | \ \ \ \
 \\/  ___)| |_)| | | | | || (_| |  ) ) ) )
  '  |____| .__|_| |_|_| |_\__, | / / / /
 =========|_|==============|___/=/_/_/_/

 :: Spring Boot ::                (v3.3.5)

2024-12-21T22:17:13.210+01:00  INFO 18848 --- [           main] e.d.c.CategoryControllerIntegrationTests : Starting CategoryControllerIntegrationTests using Java 21.0.5 with PID 18848 (started by HP in C:\Users\HP\Desktop\Coding\spring_boot_project-\supporting_project\supporting_project)
2024-12-21T22:17:13.210+01:00  INFO 18848 --- [           main] e.d.c.CategoryControllerIntegrationTests : No active profile set, falling back to 1 default profile: "default"
2024-12-21T22:17:13.346+01:00  INFO 18848 --- [           main] .s.d.r.c.RepositoryConfigurationDelegate : Bootstrapping Spring Data JPA repositories in DEFAULT mode.
2024-12-21T22:17:13.362+01:00  INFO 18848 --- [           main] .s.d.r.c.RepositoryConfigurationDelegate : Finished Spring Data repository scanning in 15 ms. Found 3 JPA repository interfaces.
2024-12-21T22:17:13.413+01:00  INFO 18848 --- [           main] o.hibernate.jpa.internal.util.LogHelper  : HHH000204: Processing PersistenceUnitInfo [name: default]
2024-12-21T22:17:13.418+01:00  INFO 18848 --- [           main] o.h.c.internal.RegionFactoryInitiator    : HHH000026: Second-level cache disabled
2024-12-21T22:17:13.426+01:00  INFO 18848 --- [           main] o.s.o.j.p.SpringPersistenceUnitInfo      : No LoadTimeWeaver setup: ignoring JPA class transformer
2024-12-21T22:17:13.427+01:00  INFO 18848 --- [           main] com.zaxxer.hikari.HikariDataSource       : HikariPool-10 - Starting...
2024-12-21T22:17:13.428+01:00  INFO 18848 --- [           main] com.zaxxer.hikari.pool.HikariPool        : HikariPool-10 - Added connection conn67: url=jdbc:h2:mem:testdb user=SA
2024-12-21T22:17:13.428+01:00  INFO 18848 --- [           main] com.zaxxer.hikari.HikariDataSource       : HikariPool-10 - Start completed.
2024-12-21T22:17:13.429+01:00  WARN 18848 --- [           main] org.hibernate.orm.deprecation            : HHH90000025: H2Dialect does not need to be specified explicitly using 'hibernate.dialect' (remove the property setting and it will be selected by default)
2024-12-21T22:17:13.482+01:00  INFO 18848 --- [           main] o.h.e.t.j.p.i.JtaPlatformInitiator       : HHH000489: No JTA platform available (set 'hibernate.transaction.jta.platform' to enable JTA platform integration)
2024-12-21T22:17:13.485+01:00  INFO 18848 --- [           main] j.LocalContainerEntityManagerFactoryBean : Initialized JPA EntityManagerFactory for persistence unit 'default'
2024-12-21T22:17:13.531+01:00  WARN 18848 --- [           main] JpaBaseConfiguration$JpaWebConfiguration : spring.jpa.open-in-view is enabled by default. Therefore, database queries may be performed during view rendering. Explicitly configure spring.jpa.open-in-view to disable this warning
2024-12-21T22:17:13.606+01:00  INFO 18848 --- [           main] o.s.b.t.m.w.SpringBootMockServletContext : Initializing Spring TestDispatcherServlet ''
2024-12-21T22:17:13.606+01:00  INFO 18848 --- [           main] o.s.t.web.servlet.TestDispatcherServlet  : Initializing Servlet ''
2024-12-21T22:17:13.607+01:00  INFO 18848 --- [           main] o.s.t.web.servlet.TestDispatcherServlet  : Completed initialization in 1 ms
2024-12-21T22:17:13.613+01:00  INFO 18848 --- [           main] e.d.c.CategoryControllerIntegrationTests : Started CategoryControllerIntegrationTests in 0.427 seconds (process running for 15.873)
Hibernate: 
    select
        next value for categories_seq
Hibernate: 
    insert 
    into
        categories
        (label, id) 
    values
        (?, ?)
Hibernate: 
    select
        ce1_0.id,
        ce1_0.label 
    from
        categories ce1_0 
    where
        ce1_0.id=?
Hibernate: 
    delete 
    from
        categories 
    where
        id=?
2024-12-21T22:17:13.629+01:00  INFO 18848 --- [           main] j.LocalContainerEntityManagerFactoryBean : Closing JPA EntityManagerFactory for persistence unit 'default'
2024-12-21T22:17:13.629+01:00  INFO 18848 --- [           main] com.zaxxer.hikari.HikariDataSource       : HikariPool-10 - Shutdown initiated...
2024-12-21T22:17:13.658+01:00  INFO 18848 --- [           main] com.zaxxer.hikari.HikariDataSource       : HikariPool-10 - Shutdown completed.
]]></system-out>
  </testcase>
  <testcase name="testUpdate" classname="com.example.demo.controllers.CategoryControllerIntegrationTests" time="0.035">
    <system-out><![CDATA[
  .   ____          _            __ _ _
 /\\ / ___'_ __ _ _(_)_ __  __ _ \ \ \ \
( ( )\___ | '_ | '_| | '_ \/ _` | \ \ \ \
 \\/  ___)| |_)| | | | | || (_| |  ) ) ) )
  '  |____| .__|_| |_|_| |_\__, | / / / /
 =========|_|==============|___/=/_/_/_/

 :: Spring Boot ::                (v3.3.5)

2024-12-21T22:17:13.678+01:00  INFO 18848 --- [           main] e.d.c.CategoryControllerIntegrationTests : Starting CategoryControllerIntegrationTests using Java 21.0.5 with PID 18848 (started by HP in C:\Users\HP\Desktop\Coding\spring_boot_project-\supporting_project\supporting_project)
2024-12-21T22:17:13.678+01:00  INFO 18848 --- [           main] e.d.c.CategoryControllerIntegrationTests : No active profile set, falling back to 1 default profile: "default"
2024-12-21T22:17:13.819+01:00  INFO 18848 --- [           main] .s.d.r.c.RepositoryConfigurationDelegate : Bootstrapping Spring Data JPA repositories in DEFAULT mode.
2024-12-21T22:17:13.836+01:00  INFO 18848 --- [           main] .s.d.r.c.RepositoryConfigurationDelegate : Finished Spring Data repository scanning in 16 ms. Found 3 JPA repository interfaces.
2024-12-21T22:17:13.896+01:00  INFO 18848 --- [           main] o.hibernate.jpa.internal.util.LogHelper  : HHH000204: Processing PersistenceUnitInfo [name: default]
2024-12-21T22:17:13.900+01:00  INFO 18848 --- [           main] o.h.c.internal.RegionFactoryInitiator    : HHH000026: Second-level cache disabled
2024-12-21T22:17:13.910+01:00  INFO 18848 --- [           main] o.s.o.j.p.SpringPersistenceUnitInfo      : No LoadTimeWeaver setup: ignoring JPA class transformer
2024-12-21T22:17:13.911+01:00  INFO 18848 --- [           main] com.zaxxer.hikari.HikariDataSource       : HikariPool-11 - Starting...
2024-12-21T22:17:13.912+01:00  INFO 18848 --- [           main] com.zaxxer.hikari.pool.HikariPool        : HikariPool-11 - Added connection conn71: url=jdbc:h2:mem:testdb user=SA
2024-12-21T22:17:13.912+01:00  INFO 18848 --- [           main] com.zaxxer.hikari.HikariDataSource       : HikariPool-11 - Start completed.
2024-12-21T22:17:13.913+01:00  WARN 18848 --- [           main] org.hibernate.orm.deprecation            : HHH90000025: H2Dialect does not need to be specified explicitly using 'hibernate.dialect' (remove the property setting and it will be selected by default)
2024-12-21T22:17:13.972+01:00  INFO 18848 --- [           main] o.h.e.t.j.p.i.JtaPlatformInitiator       : HHH000489: No JTA platform available (set 'hibernate.transaction.jta.platform' to enable JTA platform integration)
2024-12-21T22:17:13.974+01:00  INFO 18848 --- [           main] j.LocalContainerEntityManagerFactoryBean : Initialized JPA EntityManagerFactory for persistence unit 'default'
2024-12-21T22:17:14.022+01:00  WARN 18848 --- [           main] JpaBaseConfiguration$JpaWebConfiguration : spring.jpa.open-in-view is enabled by default. Therefore, database queries may be performed during view rendering. Explicitly configure spring.jpa.open-in-view to disable this warning
2024-12-21T22:17:14.097+01:00  INFO 18848 --- [           main] o.s.b.t.m.w.SpringBootMockServletContext : Initializing Spring TestDispatcherServlet ''
2024-12-21T22:17:14.097+01:00  INFO 18848 --- [           main] o.s.t.web.servlet.TestDispatcherServlet  : Initializing Servlet ''
2024-12-21T22:17:14.098+01:00  INFO 18848 --- [           main] o.s.t.web.servlet.TestDispatcherServlet  : Completed initialization in 1 ms
2024-12-21T22:17:14.114+01:00  INFO 18848 --- [           main] e.d.c.CategoryControllerIntegrationTests : Started CategoryControllerIntegrationTests in 0.454 seconds (process running for 16.375)
Hibernate: 
    select
        next value for categories_seq
Hibernate: 
    insert 
    into
        categories
        (label, id) 
    values
        (?, ?)
Hibernate: 
    select
        ce1_0.id,
        ce1_0.label 
    from
        categories ce1_0 
    where
        ce1_0.id=?
2024-12-21T22:17:14.138+01:00  INFO 18848 --- [           main] j.LocalContainerEntityManagerFactoryBean : Closing JPA EntityManagerFactory for persistence unit 'default'
2024-12-21T22:17:14.139+01:00  INFO 18848 --- [           main] com.zaxxer.hikari.HikariDataSource       : HikariPool-11 - Shutdown initiated...
2024-12-21T22:17:14.152+01:00  INFO 18848 --- [           main] com.zaxxer.hikari.HikariDataSource       : HikariPool-11 - Shutdown completed.
]]></system-out>
  </testcase>
</testsuite>