<?xml version="1.0" encoding="UTF-8"?>
<testsuite xmlns:xsi="http://www.w3.org/2001/XMLSchema-instance" xsi:noNamespaceSchemaLocation="https://maven.apache.org/surefire/maven-surefire-plugin/xsd/surefire-test-report-3.0.xsd" version="3.0" name="com.example.demo.services.AuthorServicesIntegrationTests" time="0.125" tests="5" errors="5" skipped="0" failures="0">
  <properties>
[...]
</properties>
  <testcase name="testFindAllAuthors" classname="com.example.demo.services.AuthorServicesIntegrationTests" time="0.029">
    <error message="could not execute statement [Intégrité référentielle violation de contrainte: &quot;FKFJIXH2VYM2CVFJ3UFXJ91JEM7: PUBLIC.BOOKS FOREIGN KEY(AUTHOR_ID) REFERENCES PUBLIC.AUTHORS(ID) (CAST(252 AS BIGINT))&quot;&#10;Referential integrity constraint violation: &quot;FKFJIXH2VYM2CVFJ3UFXJ91JEM7: PUBLIC.BOOKS FOREIGN KEY(AUTHOR_ID) REFERENCES PUBLIC.AUTHORS(ID) (CAST(252 AS BIGINT))&quot;; SQL statement:&#10;delete from authors where id=? [23503-224]] [delete from authors where id=?]; SQL [delete from authors where id=?]; constraint [FKFJIXH2VYM2CVFJ3UFXJ91JEM7: PUBLIC.BOOKS FOREIGN KEY(AUTHOR_ID) REFERENCES PUBLIC.AUTHORS(ID) (CAST(252 AS BIGINT)); SQL statement:&#10;delete from authors where id=? [23503-224]]" type="org.springframework.dao.DataIntegrityViolationException"><![CDATA[org.springframework.dao.DataIntegrityViolationException: 
could not execute statement [Intégrité référentielle violation de contrainte: "FKFJIXH2VYM2CVFJ3UFXJ91JEM7: PUBLIC.BOOKS FOREIGN KEY(AUTHOR_ID) REFERENCES PUBLIC.AUTHORS(ID) (CAST(252 AS BIGINT))"
Referential integrity constraint violation: "FKFJIXH2VYM2CVFJ3UFXJ91JEM7: PUBLIC.BOOKS FOREIGN KEY(AUTHOR_ID) REFERENCES PUBLIC.AUTHORS(ID) (CAST(252 AS BIGINT))"; SQL statement:
delete from authors where id=? [23503-224]] [delete from authors where id=?]; SQL [delete from authors where id=?]; constraint [FKFJIXH2VYM2CVFJ3UFXJ91JEM7: PUBLIC.BOOKS FOREIGN KEY(AUTHOR_ID) REFERENCES PUBLIC.AUTHORS(ID) (CAST(252 AS BIGINT)); SQL statement:
delete from authors where id=? [23503-224]]
	at org.springframework.orm.jpa.vendor.HibernateJpaDialect.convertHibernateAccessException(HibernateJpaDialect.java:290)
	at org.springframework.orm.jpa.vendor.HibernateJpaDialect.translateExceptionIfPossible(HibernateJpaDialect.java:241)
	at org.springframework.orm.jpa.JpaTransactionManager.doCommit(JpaTransactionManager.java:566)
	at org.springframework.transaction.support.AbstractPlatformTransactionManager.processCommit(AbstractPlatformTransactionManager.java:795)
	at org.springframework.transaction.support.AbstractPlatformTransactionManager.commit(AbstractPlatformTransactionManager.java:758)
	at org.springframework.transaction.interceptor.TransactionAspectSupport.commitTransactionAfterReturning(TransactionAspectSupport.java:663)
	at org.springframework.transaction.interceptor.TransactionAspectSupport.invokeWithinTransaction(TransactionAspectSupport.java:413)
	at org.springframework.transaction.interceptor.TransactionInterceptor.invoke(TransactionInterceptor.java:119)
	at org.springframework.aop.framework.ReflectiveMethodInvocation.proceed(ReflectiveMethodInvocation.java:184)
	at org.springframework.dao.support.PersistenceExceptionTranslationInterceptor.invoke(PersistenceExceptionTranslationInterceptor.java:138)
	at org.springframework.aop.framework.ReflectiveMethodInvocation.proceed(ReflectiveMethodInvocation.java:184)
	at org.springframework.data.jpa.repository.support.CrudMethodMetadataPostProcessor$CrudMethodMetadataPopulatingMethodInterceptor.invoke(CrudMethodMetadataPostProcessor.java:165)
	at org.springframework.aop.framework.ReflectiveMethodInvocation.proceed(ReflectiveMethodInvocation.java:184)
	at org.springframework.aop.interceptor.ExposeInvocationInterceptor.invoke(ExposeInvocationInterceptor.java:97)
	at org.springframework.aop.framework.ReflectiveMethodInvocation.proceed(ReflectiveMethodInvocation.java:184)
	at org.springframework.aop.framework.JdkDynamicAopProxy.invoke(JdkDynamicAopProxy.java:223)
	at jdk.proxy2/jdk.proxy2.$Proxy135.deleteAll(Unknown Source)
	at com.example.demo.services.AuthorServicesIntegrationTests.setUp(AuthorServicesIntegrationTests.java:32)
	at java.base/java.lang.reflect.Method.invoke(Method.java:580)
	at java.base/java.util.ArrayList.forEach(ArrayList.java:1596)
	at java.base/java.util.ArrayList.forEach(ArrayList.java:1596)
Caused by: org.hibernate.exception.ConstraintViolationException: could not execute statement [Intégrité référentielle violation de contrainte: "FKFJIXH2VYM2CVFJ3UFXJ91JEM7: PUBLIC.BOOKS FOREIGN KEY(AUTHOR_ID) REFERENCES PUBLIC.AUTHORS(ID) (CAST(252 AS BIGINT))"
Referential integrity constraint violation: "FKFJIXH2VYM2CVFJ3UFXJ91JEM7: PUBLIC.BOOKS FOREIGN KEY(AUTHOR_ID) REFERENCES PUBLIC.AUTHORS(ID) (CAST(252 AS BIGINT))"; SQL statement:
delete from authors where id=? [23503-224]] [delete from authors where id=?]
	at org.hibernate.exception.internal.SQLExceptionTypeDelegate.convert(SQLExceptionTypeDelegate.java:62)
	at org.hibernate.exception.internal.StandardSQLExceptionConverter.convert(StandardSQLExceptionConverter.java:58)
	at org.hibernate.engine.jdbc.spi.SqlExceptionHelper.convert(SqlExceptionHelper.java:108)
	at org.hibernate.engine.jdbc.internal.ResultSetReturnImpl.executeUpdate(ResultSetReturnImpl.java:197)
	at org.hibernate.engine.jdbc.mutation.internal.AbstractMutationExecutor.performNonBatchedMutation(AbstractMutationExecutor.java:134)
	at org.hibernate.engine.jdbc.mutation.internal.MutationExecutorSingleNonBatched.performNonBatchedOperations(MutationExecutorSingleNonBatched.java:55)
	at org.hibernate.engine.jdbc.mutation.internal.AbstractMutationExecutor.execute(AbstractMutationExecutor.java:55)
	at org.hibernate.persister.entity.mutation.AbstractDeleteCoordinator.doStaticDelete(AbstractDeleteCoordinator.java:279)
	at org.hibernate.persister.entity.mutation.AbstractDeleteCoordinator.delete(AbstractDeleteCoordinator.java:87)
	at org.hibernate.action.internal.EntityDeleteAction.execute(EntityDeleteAction.java:131)
	at org.hibernate.engine.spi.ActionQueue.executeActions(ActionQueue.java:633)
	at org.hibernate.engine.spi.ActionQueue.executeActions(ActionQueue.java:500)
	at org.hibernate.event.internal.AbstractFlushingEventListener.performExecutions(AbstractFlushingEventListener.java:385)
	at org.hibernate.event.internal.DefaultFlushEventListener.onFlush(DefaultFlushEventListener.java:41)
	at org.hibernate.event.service.internal.EventListenerGroupImpl.fireEventOnEachListener(EventListenerGroupImpl.java:127)
	at org.hibernate.internal.SessionImpl.doFlush(SessionImpl.java:1425)
	at org.hibernate.internal.SessionImpl.managedFlush(SessionImpl.java:487)
	at org.hibernate.internal.SessionImpl.flushBeforeTransactionCompletion(SessionImpl.java:2324)
	at org.hibernate.internal.SessionImpl.beforeTransactionCompletion(SessionImpl.java:1981)
	at org.hibernate.engine.jdbc.internal.JdbcCoordinatorImpl.beforeTransactionCompletion(JdbcCoordinatorImpl.java:439)
	at org.hibernate.resource.transaction.backend.jdbc.internal.JdbcResourceLocalTransactionCoordinatorImpl.beforeCompletionCallback(JdbcResourceLocalTransactionCoordinatorImpl.java:169)
	at org.hibernate.resource.transaction.backend.jdbc.internal.JdbcResourceLocalTransactionCoordinatorImpl$TransactionDriverControlImpl.commit(JdbcResourceLocalTransactionCoordinatorImpl.java:267)
	at org.hibernate.engine.transaction.internal.TransactionImpl.commit(TransactionImpl.java:101)
	at org.springframework.orm.jpa.JpaTransactionManager.doCommit(JpaTransactionManager.java:562)
	... 18 more
Caused by: org.h2.jdbc.JdbcSQLIntegrityConstraintViolationException: Intégrité référentielle violation de contrainte: "FKFJIXH2VYM2CVFJ3UFXJ91JEM7: PUBLIC.BOOKS FOREIGN KEY(AUTHOR_ID) REFERENCES PUBLIC.AUTHORS(ID) (CAST(252 AS BIGINT))"
Referential integrity constraint violation: "FKFJIXH2VYM2CVFJ3UFXJ91JEM7: PUBLIC.BOOKS FOREIGN KEY(AUTHOR_ID) REFERENCES PUBLIC.AUTHORS(ID) (CAST(252 AS BIGINT))"; SQL statement:
delete from authors where id=? [23503-224]
	at org.h2.message.DbException.getJdbcSQLException(DbException.java:520)
	at org.h2.message.DbException.getJdbcSQLException(DbException.java:489)
	at org.h2.message.DbException.get(DbException.java:223)
	at org.h2.message.DbException.get(DbException.java:199)
	at org.h2.constraint.ConstraintReferential.checkRow(ConstraintReferential.java:365)
	at org.h2.constraint.ConstraintReferential.checkRowRefTable(ConstraintReferential.java:382)
	at org.h2.constraint.ConstraintReferential.checkRow(ConstraintReferential.java:256)
	at org.h2.table.Table.fireConstraints(Table.java:1200)
	at org.h2.table.Table.fireAfterRow(Table.java:1218)
	at org.h2.command.dml.Delete.update(Delete.java:92)
	at org.h2.command.dml.DataChangeStatement.update(DataChangeStatement.java:74)
	at org.h2.command.CommandContainer.update(CommandContainer.java:169)
	at org.h2.command.Command.executeUpdate(Command.java:256)
	at org.h2.jdbc.JdbcPreparedStatement.executeUpdateInternal(JdbcPreparedStatement.java:216)
	at org.h2.jdbc.JdbcPreparedStatement.executeUpdate(JdbcPreparedStatement.java:174)
	at com.zaxxer.hikari.pool.ProxyPreparedStatement.executeUpdate(ProxyPreparedStatement.java:61)
	at com.zaxxer.hikari.pool.HikariProxyPreparedStatement.executeUpdate(HikariProxyPreparedStatement.java)
	at org.hibernate.engine.jdbc.internal.ResultSetReturnImpl.executeUpdate(ResultSetReturnImpl.java:194)
	... 38 more
]]></error>
    <system-out><![CDATA[2024-12-21T22:17:15.271+01:00  INFO 18848 --- [           main] t.c.s.AnnotationConfigContextLoaderUtils : Could not detect default configuration classes for test class [com.example.demo.services.AuthorServicesIntegrationTests]: AuthorServicesIntegrationTests does not declare any static, non-private, non-final, nested classes annotated with @Configuration.
2024-12-21T22:17:15.282+01:00  INFO 18848 --- [           main] .b.t.c.SpringBootTestContextBootstrapper : Found @SpringBootConfiguration com.example.demo.DemoApplication for test class com.example.demo.services.AuthorServicesIntegrationTests
Hibernate: 
    select
        ae1_0.id,
        ae1_0.age,
        ae1_0.hideden_field,
        ae1_0.name 
    from
        authors ae1_0
Hibernate: 
    delete 
    from
        authors 
    where
        id=?
Hibernate: 
    delete 
    from
        authors 
    where
        id=?
Hibernate: 
    delete 
    from
        authors 
    where
        id=?
Hibernate: 
    delete 
    from
        authors 
    where
        id=?
Hibernate: 
    delete 
    from
        authors 
    where
        id=?
Hibernate: 
    delete 
    from
        authors 
    where
        id=?
2024-12-21T22:17:15.302+01:00  WARN 18848 --- [           main] o.h.engine.jdbc.spi.SqlExceptionHelper   : SQL Error: 23503, SQLState: 23503
2024-12-21T22:17:15.302+01:00 ERROR 18848 --- [           main] o.h.engine.jdbc.spi.SqlExceptionHelper   : Intégrité référentielle violation de contrainte: "FKFJIXH2VYM2CVFJ3UFXJ91JEM7: PUBLIC.BOOKS FOREIGN KEY(AUTHOR_ID) REFERENCES PUBLIC.AUTHORS(ID) (CAST(252 AS BIGINT))"
Referential integrity constraint violation: "FKFJIXH2VYM2CVFJ3UFXJ91JEM7: PUBLIC.BOOKS FOREIGN KEY(AUTHOR_ID) REFERENCES PUBLIC.AUTHORS(ID) (CAST(252 AS BIGINT))"; SQL statement:
delete from authors where id=? [23503-224]
]]></system-out>
  </testcase>
  <testcase name="deleteAuthor" classname="com.example.demo.services.AuthorServicesIntegrationTests" time="0.015">
    <error message="could not execute statement [Intégrité référentielle violation de contrainte: &quot;FKFJIXH2VYM2CVFJ3UFXJ91JEM7: PUBLIC.BOOKS FOREIGN KEY(AUTHOR_ID) REFERENCES PUBLIC.AUTHORS(ID) (CAST(252 AS BIGINT))&quot;&#10;Referential integrity constraint violation: &quot;FKFJIXH2VYM2CVFJ3UFXJ91JEM7: PUBLIC.BOOKS FOREIGN KEY(AUTHOR_ID) REFERENCES PUBLIC.AUTHORS(ID) (CAST(252 AS BIGINT))&quot;; SQL statement:&#10;delete from authors where id=? [23503-224]] [delete from authors where id=?]; SQL [delete from authors where id=?]; constraint [FKFJIXH2VYM2CVFJ3UFXJ91JEM7: PUBLIC.BOOKS FOREIGN KEY(AUTHOR_ID) REFERENCES PUBLIC.AUTHORS(ID) (CAST(252 AS BIGINT)); SQL statement:&#10;delete from authors where id=? [23503-224]]" type="org.springframework.dao.DataIntegrityViolationException"><![CDATA[org.springframework.dao.DataIntegrityViolationException: 
could not execute statement [Intégrité référentielle violation de contrainte: "FKFJIXH2VYM2CVFJ3UFXJ91JEM7: PUBLIC.BOOKS FOREIGN KEY(AUTHOR_ID) REFERENCES PUBLIC.AUTHORS(ID) (CAST(252 AS BIGINT))"
Referential integrity constraint violation: "FKFJIXH2VYM2CVFJ3UFXJ91JEM7: PUBLIC.BOOKS FOREIGN KEY(AUTHOR_ID) REFERENCES PUBLIC.AUTHORS(ID) (CAST(252 AS BIGINT))"; SQL statement:
delete from authors where id=? [23503-224]] [delete from authors where id=?]; SQL [delete from authors where id=?]; constraint [FKFJIXH2VYM2CVFJ3UFXJ91JEM7: PUBLIC.BOOKS FOREIGN KEY(AUTHOR_ID) REFERENCES PUBLIC.AUTHORS(ID) (CAST(252 AS BIGINT)); SQL statement:
delete from authors where id=? [23503-224]]
	at org.springframework.orm.jpa.vendor.HibernateJpaDialect.convertHibernateAccessException(HibernateJpaDialect.java:290)
	at org.springframework.orm.jpa.vendor.HibernateJpaDialect.translateExceptionIfPossible(HibernateJpaDialect.java:241)
	at org.springframework.orm.jpa.JpaTransactionManager.doCommit(JpaTransactionManager.java:566)
	at org.springframework.transaction.support.AbstractPlatformTransactionManager.processCommit(AbstractPlatformTransactionManager.java:795)
	at org.springframework.transaction.support.AbstractPlatformTransactionManager.commit(AbstractPlatformTransactionManager.java:758)
	at org.springframework.transaction.interceptor.TransactionAspectSupport.commitTransactionAfterReturning(TransactionAspectSupport.java:663)
	at org.springframework.transaction.interceptor.TransactionAspectSupport.invokeWithinTransaction(TransactionAspectSupport.java:413)
	at org.springframework.transaction.interceptor.TransactionInterceptor.invoke(TransactionInterceptor.java:119)
	at org.springframework.aop.framework.ReflectiveMethodInvocation.proceed(ReflectiveMethodInvocation.java:184)
	at org.springframework.dao.support.PersistenceExceptionTranslationInterceptor.invoke(PersistenceExceptionTranslationInterceptor.java:138)
	at org.springframework.aop.framework.ReflectiveMethodInvocation.proceed(ReflectiveMethodInvocation.java:184)
	at org.springframework.data.jpa.repository.support.CrudMethodMetadataPostProcessor$CrudMethodMetadataPopulatingMethodInterceptor.invoke(CrudMethodMetadataPostProcessor.java:165)
	at org.springframework.aop.framework.ReflectiveMethodInvocation.proceed(ReflectiveMethodInvocation.java:184)
	at org.springframework.aop.interceptor.ExposeInvocationInterceptor.invoke(ExposeInvocationInterceptor.java:97)
	at org.springframework.aop.framework.ReflectiveMethodInvocation.proceed(ReflectiveMethodInvocation.java:184)
	at org.springframework.aop.framework.JdkDynamicAopProxy.invoke(JdkDynamicAopProxy.java:223)
	at jdk.proxy2/jdk.proxy2.$Proxy135.deleteAll(Unknown Source)
	at com.example.demo.services.AuthorServicesIntegrationTests.setUp(AuthorServicesIntegrationTests.java:32)
	at java.base/java.lang.reflect.Method.invoke(Method.java:580)
	at java.base/java.util.ArrayList.forEach(ArrayList.java:1596)
	at java.base/java.util.ArrayList.forEach(ArrayList.java:1596)
Caused by: org.hibernate.exception.ConstraintViolationException: could not execute statement [Intégrité référentielle violation de contrainte: "FKFJIXH2VYM2CVFJ3UFXJ91JEM7: PUBLIC.BOOKS FOREIGN KEY(AUTHOR_ID) REFERENCES PUBLIC.AUTHORS(ID) (CAST(252 AS BIGINT))"
Referential integrity constraint violation: "FKFJIXH2VYM2CVFJ3UFXJ91JEM7: PUBLIC.BOOKS FOREIGN KEY(AUTHOR_ID) REFERENCES PUBLIC.AUTHORS(ID) (CAST(252 AS BIGINT))"; SQL statement:
delete from authors where id=? [23503-224]] [delete from authors where id=?]
	at org.hibernate.exception.internal.SQLExceptionTypeDelegate.convert(SQLExceptionTypeDelegate.java:62)
	at org.hibernate.exception.internal.StandardSQLExceptionConverter.convert(StandardSQLExceptionConverter.java:58)
	at org.hibernate.engine.jdbc.spi.SqlExceptionHelper.convert(SqlExceptionHelper.java:108)
	at org.hibernate.engine.jdbc.internal.ResultSetReturnImpl.executeUpdate(ResultSetReturnImpl.java:197)
	at org.hibernate.engine.jdbc.mutation.internal.AbstractMutationExecutor.performNonBatchedMutation(AbstractMutationExecutor.java:134)
	at org.hibernate.engine.jdbc.mutation.internal.MutationExecutorSingleNonBatched.performNonBatchedOperations(MutationExecutorSingleNonBatched.java:55)
	at org.hibernate.engine.jdbc.mutation.internal.AbstractMutationExecutor.execute(AbstractMutationExecutor.java:55)
	at org.hibernate.persister.entity.mutation.AbstractDeleteCoordinator.doStaticDelete(AbstractDeleteCoordinator.java:279)
	at org.hibernate.persister.entity.mutation.AbstractDeleteCoordinator.delete(AbstractDeleteCoordinator.java:87)
	at org.hibernate.action.internal.EntityDeleteAction.execute(EntityDeleteAction.java:131)
	at org.hibernate.engine.spi.ActionQueue.executeActions(ActionQueue.java:633)
	at org.hibernate.engine.spi.ActionQueue.executeActions(ActionQueue.java:500)
	at org.hibernate.event.internal.AbstractFlushingEventListener.performExecutions(AbstractFlushingEventListener.java:385)
	at org.hibernate.event.internal.DefaultFlushEventListener.onFlush(DefaultFlushEventListener.java:41)
	at org.hibernate.event.service.internal.EventListenerGroupImpl.fireEventOnEachListener(EventListenerGroupImpl.java:127)
	at org.hibernate.internal.SessionImpl.doFlush(SessionImpl.java:1425)
	at org.hibernate.internal.SessionImpl.managedFlush(SessionImpl.java:487)
	at org.hibernate.internal.SessionImpl.flushBeforeTransactionCompletion(SessionImpl.java:2324)
	at org.hibernate.internal.SessionImpl.beforeTransactionCompletion(SessionImpl.java:1981)
	at org.hibernate.engine.jdbc.internal.JdbcCoordinatorImpl.beforeTransactionCompletion(JdbcCoordinatorImpl.java:439)
	at org.hibernate.resource.transaction.backend.jdbc.internal.JdbcResourceLocalTransactionCoordinatorImpl.beforeCompletionCallback(JdbcResourceLocalTransactionCoordinatorImpl.java:169)
	at org.hibernate.resource.transaction.backend.jdbc.internal.JdbcResourceLocalTransactionCoordinatorImpl$TransactionDriverControlImpl.commit(JdbcResourceLocalTransactionCoordinatorImpl.java:267)
	at org.hibernate.engine.transaction.internal.TransactionImpl.commit(TransactionImpl.java:101)
	at org.springframework.orm.jpa.JpaTransactionManager.doCommit(JpaTransactionManager.java:562)
	... 18 more
Caused by: org.h2.jdbc.JdbcSQLIntegrityConstraintViolationException: Intégrité référentielle violation de contrainte: "FKFJIXH2VYM2CVFJ3UFXJ91JEM7: PUBLIC.BOOKS FOREIGN KEY(AUTHOR_ID) REFERENCES PUBLIC.AUTHORS(ID) (CAST(252 AS BIGINT))"
Referential integrity constraint violation: "FKFJIXH2VYM2CVFJ3UFXJ91JEM7: PUBLIC.BOOKS FOREIGN KEY(AUTHOR_ID) REFERENCES PUBLIC.AUTHORS(ID) (CAST(252 AS BIGINT))"; SQL statement:
delete from authors where id=? [23503-224]
	at org.h2.message.DbException.getJdbcSQLException(DbException.java:520)
	at org.h2.message.DbException.getJdbcSQLException(DbException.java:489)
	at org.h2.message.DbException.get(DbException.java:223)
	at org.h2.message.DbException.get(DbException.java:199)
	at org.h2.constraint.ConstraintReferential.checkRow(ConstraintReferential.java:365)
	at org.h2.constraint.ConstraintReferential.checkRowRefTable(ConstraintReferential.java:382)
	at org.h2.constraint.ConstraintReferential.checkRow(ConstraintReferential.java:256)
	at org.h2.table.Table.fireConstraints(Table.java:1200)
	at org.h2.table.Table.fireAfterRow(Table.java:1218)
	at org.h2.command.dml.Delete.update(Delete.java:92)
	at org.h2.command.dml.DataChangeStatement.update(DataChangeStatement.java:74)
	at org.h2.command.CommandContainer.update(CommandContainer.java:169)
	at org.h2.command.Command.executeUpdate(Command.java:256)
	at org.h2.jdbc.JdbcPreparedStatement.executeUpdateInternal(JdbcPreparedStatement.java:216)
	at org.h2.jdbc.JdbcPreparedStatement.executeUpdate(JdbcPreparedStatement.java:174)
	at com.zaxxer.hikari.pool.ProxyPreparedStatement.executeUpdate(ProxyPreparedStatement.java:61)
	at com.zaxxer.hikari.pool.HikariProxyPreparedStatement.executeUpdate(HikariProxyPreparedStatement.java)
	at org.hibernate.engine.jdbc.internal.ResultSetReturnImpl.executeUpdate(ResultSetReturnImpl.java:194)
	... 38 more
]]></error>
    <system-out><![CDATA[Hibernate: 
    select
        ae1_0.id,
        ae1_0.age,
        ae1_0.hideden_field,
        ae1_0.name 
    from
        authors ae1_0
Hibernate: 
    delete 
    from
        authors 
    where
        id=?
Hibernate: 
    delete 
    from
        authors 
    where
        id=?
Hibernate: 
    delete 
    from
        authors 
    where
        id=?
Hibernate: 
    delete 
    from
        authors 
    where
        id=?
Hibernate: 
    delete 
    from
        authors 
    where
        id=?
Hibernate: 
    delete 
    from
        authors 
    where
        id=?
2024-12-21T22:17:15.329+01:00  WARN 18848 --- [           main] o.h.engine.jdbc.spi.SqlExceptionHelper   : SQL Error: 23503, SQLState: 23503
2024-12-21T22:17:15.330+01:00 ERROR 18848 --- [           main] o.h.engine.jdbc.spi.SqlExceptionHelper   : Intégrité référentielle violation de contrainte: "FKFJIXH2VYM2CVFJ3UFXJ91JEM7: PUBLIC.BOOKS FOREIGN KEY(AUTHOR_ID) REFERENCES PUBLIC.AUTHORS(ID) (CAST(252 AS BIGINT))"
Referential integrity constraint violation: "FKFJIXH2VYM2CVFJ3UFXJ91JEM7: PUBLIC.BOOKS FOREIGN KEY(AUTHOR_ID) REFERENCES PUBLIC.AUTHORS(ID) (CAST(252 AS BIGINT))"; SQL statement:
delete from authors where id=? [23503-224]
]]></system-out>
  </testcase>
  <testcase name="testUpdateAuthor" classname="com.example.demo.services.AuthorServicesIntegrationTests" time="0.014">
    <error message="could not execute statement [Intégrité référentielle violation de contrainte: &quot;FKFJIXH2VYM2CVFJ3UFXJ91JEM7: PUBLIC.BOOKS FOREIGN KEY(AUTHOR_ID) REFERENCES PUBLIC.AUTHORS(ID) (CAST(252 AS BIGINT))&quot;&#10;Referential integrity constraint violation: &quot;FKFJIXH2VYM2CVFJ3UFXJ91JEM7: PUBLIC.BOOKS FOREIGN KEY(AUTHOR_ID) REFERENCES PUBLIC.AUTHORS(ID) (CAST(252 AS BIGINT))&quot;; SQL statement:&#10;delete from authors where id=? [23503-224]] [delete from authors where id=?]; SQL [delete from authors where id=?]; constraint [FKFJIXH2VYM2CVFJ3UFXJ91JEM7: PUBLIC.BOOKS FOREIGN KEY(AUTHOR_ID) REFERENCES PUBLIC.AUTHORS(ID) (CAST(252 AS BIGINT)); SQL statement:&#10;delete from authors where id=? [23503-224]]" type="org.springframework.dao.DataIntegrityViolationException"><![CDATA[org.springframework.dao.DataIntegrityViolationException: 
could not execute statement [Intégrité référentielle violation de contrainte: "FKFJIXH2VYM2CVFJ3UFXJ91JEM7: PUBLIC.BOOKS FOREIGN KEY(AUTHOR_ID) REFERENCES PUBLIC.AUTHORS(ID) (CAST(252 AS BIGINT))"
Referential integrity constraint violation: "FKFJIXH2VYM2CVFJ3UFXJ91JEM7: PUBLIC.BOOKS FOREIGN KEY(AUTHOR_ID) REFERENCES PUBLIC.AUTHORS(ID) (CAST(252 AS BIGINT))"; SQL statement:
delete from authors where id=? [23503-224]] [delete from authors where id=?]; SQL [delete from authors where id=?]; constraint [FKFJIXH2VYM2CVFJ3UFXJ91JEM7: PUBLIC.BOOKS FOREIGN KEY(AUTHOR_ID) REFERENCES PUBLIC.AUTHORS(ID) (CAST(252 AS BIGINT)); SQL statement:
delete from authors where id=? [23503-224]]
	at org.springframework.orm.jpa.vendor.HibernateJpaDialect.convertHibernateAccessException(HibernateJpaDialect.java:290)
	at org.springframework.orm.jpa.vendor.HibernateJpaDialect.translateExceptionIfPossible(HibernateJpaDialect.java:241)
	at org.springframework.orm.jpa.JpaTransactionManager.doCommit(JpaTransactionManager.java:566)
	at org.springframework.transaction.support.AbstractPlatformTransactionManager.processCommit(AbstractPlatformTransactionManager.java:795)
	at org.springframework.transaction.support.AbstractPlatformTransactionManager.commit(AbstractPlatformTransactionManager.java:758)
	at org.springframework.transaction.interceptor.TransactionAspectSupport.commitTransactionAfterReturning(TransactionAspectSupport.java:663)
	at org.springframework.transaction.interceptor.TransactionAspectSupport.invokeWithinTransaction(TransactionAspectSupport.java:413)
	at org.springframework.transaction.interceptor.TransactionInterceptor.invoke(TransactionInterceptor.java:119)
	at org.springframework.aop.framework.ReflectiveMethodInvocation.proceed(ReflectiveMethodInvocation.java:184)
	at org.springframework.dao.support.PersistenceExceptionTranslationInterceptor.invoke(PersistenceExceptionTranslationInterceptor.java:138)
	at org.springframework.aop.framework.ReflectiveMethodInvocation.proceed(ReflectiveMethodInvocation.java:184)
	at org.springframework.data.jpa.repository.support.CrudMethodMetadataPostProcessor$CrudMethodMetadataPopulatingMethodInterceptor.invoke(CrudMethodMetadataPostProcessor.java:165)
	at org.springframework.aop.framework.ReflectiveMethodInvocation.proceed(ReflectiveMethodInvocation.java:184)
	at org.springframework.aop.interceptor.ExposeInvocationInterceptor.invoke(ExposeInvocationInterceptor.java:97)
	at org.springframework.aop.framework.ReflectiveMethodInvocation.proceed(ReflectiveMethodInvocation.java:184)
	at org.springframework.aop.framework.JdkDynamicAopProxy.invoke(JdkDynamicAopProxy.java:223)
	at jdk.proxy2/jdk.proxy2.$Proxy135.deleteAll(Unknown Source)
	at com.example.demo.services.AuthorServicesIntegrationTests.setUp(AuthorServicesIntegrationTests.java:32)
	at java.base/java.lang.reflect.Method.invoke(Method.java:580)
	at java.base/java.util.ArrayList.forEach(ArrayList.java:1596)
	at java.base/java.util.ArrayList.forEach(ArrayList.java:1596)
Caused by: org.hibernate.exception.ConstraintViolationException: could not execute statement [Intégrité référentielle violation de contrainte: "FKFJIXH2VYM2CVFJ3UFXJ91JEM7: PUBLIC.BOOKS FOREIGN KEY(AUTHOR_ID) REFERENCES PUBLIC.AUTHORS(ID) (CAST(252 AS BIGINT))"
Referential integrity constraint violation: "FKFJIXH2VYM2CVFJ3UFXJ91JEM7: PUBLIC.BOOKS FOREIGN KEY(AUTHOR_ID) REFERENCES PUBLIC.AUTHORS(ID) (CAST(252 AS BIGINT))"; SQL statement:
delete from authors where id=? [23503-224]] [delete from authors where id=?]
	at org.hibernate.exception.internal.SQLExceptionTypeDelegate.convert(SQLExceptionTypeDelegate.java:62)
	at org.hibernate.exception.internal.StandardSQLExceptionConverter.convert(StandardSQLExceptionConverter.java:58)
	at org.hibernate.engine.jdbc.spi.SqlExceptionHelper.convert(SqlExceptionHelper.java:108)
	at org.hibernate.engine.jdbc.internal.ResultSetReturnImpl.executeUpdate(ResultSetReturnImpl.java:197)
	at org.hibernate.engine.jdbc.mutation.internal.AbstractMutationExecutor.performNonBatchedMutation(AbstractMutationExecutor.java:134)
	at org.hibernate.engine.jdbc.mutation.internal.MutationExecutorSingleNonBatched.performNonBatchedOperations(MutationExecutorSingleNonBatched.java:55)
	at org.hibernate.engine.jdbc.mutation.internal.AbstractMutationExecutor.execute(AbstractMutationExecutor.java:55)
	at org.hibernate.persister.entity.mutation.AbstractDeleteCoordinator.doStaticDelete(AbstractDeleteCoordinator.java:279)
	at org.hibernate.persister.entity.mutation.AbstractDeleteCoordinator.delete(AbstractDeleteCoordinator.java:87)
	at org.hibernate.action.internal.EntityDeleteAction.execute(EntityDeleteAction.java:131)
	at org.hibernate.engine.spi.ActionQueue.executeActions(ActionQueue.java:633)
	at org.hibernate.engine.spi.ActionQueue.executeActions(ActionQueue.java:500)
	at org.hibernate.event.internal.AbstractFlushingEventListener.performExecutions(AbstractFlushingEventListener.java:385)
	at org.hibernate.event.internal.DefaultFlushEventListener.onFlush(DefaultFlushEventListener.java:41)
	at org.hibernate.event.service.internal.EventListenerGroupImpl.fireEventOnEachListener(EventListenerGroupImpl.java:127)
	at org.hibernate.internal.SessionImpl.doFlush(SessionImpl.java:1425)
	at org.hibernate.internal.SessionImpl.managedFlush(SessionImpl.java:487)
	at org.hibernate.internal.SessionImpl.flushBeforeTransactionCompletion(SessionImpl.java:2324)
	at org.hibernate.internal.SessionImpl.beforeTransactionCompletion(SessionImpl.java:1981)
	at org.hibernate.engine.jdbc.internal.JdbcCoordinatorImpl.beforeTransactionCompletion(JdbcCoordinatorImpl.java:439)
	at org.hibernate.resource.transaction.backend.jdbc.internal.JdbcResourceLocalTransactionCoordinatorImpl.beforeCompletionCallback(JdbcResourceLocalTransactionCoordinatorImpl.java:169)
	at org.hibernate.resource.transaction.backend.jdbc.internal.JdbcResourceLocalTransactionCoordinatorImpl$TransactionDriverControlImpl.commit(JdbcResourceLocalTransactionCoordinatorImpl.java:267)
	at org.hibernate.engine.transaction.internal.TransactionImpl.commit(TransactionImpl.java:101)
	at org.springframework.orm.jpa.JpaTransactionManager.doCommit(JpaTransactionManager.java:562)
	... 18 more
Caused by: org.h2.jdbc.JdbcSQLIntegrityConstraintViolationException: Intégrité référentielle violation de contrainte: "FKFJIXH2VYM2CVFJ3UFXJ91JEM7: PUBLIC.BOOKS FOREIGN KEY(AUTHOR_ID) REFERENCES PUBLIC.AUTHORS(ID) (CAST(252 AS BIGINT))"
Referential integrity constraint violation: "FKFJIXH2VYM2CVFJ3UFXJ91JEM7: PUBLIC.BOOKS FOREIGN KEY(AUTHOR_ID) REFERENCES PUBLIC.AUTHORS(ID) (CAST(252 AS BIGINT))"; SQL statement:
delete from authors where id=? [23503-224]
	at org.h2.message.DbException.getJdbcSQLException(DbException.java:520)
	at org.h2.message.DbException.getJdbcSQLException(DbException.java:489)
	at org.h2.message.DbException.get(DbException.java:223)
	at org.h2.message.DbException.get(DbException.java:199)
	at org.h2.constraint.ConstraintReferential.checkRow(ConstraintReferential.java:365)
	at org.h2.constraint.ConstraintReferential.checkRowRefTable(ConstraintReferential.java:382)
	at org.h2.constraint.ConstraintReferential.checkRow(ConstraintReferential.java:256)
	at org.h2.table.Table.fireConstraints(Table.java:1200)
	at org.h2.table.Table.fireAfterRow(Table.java:1218)
	at org.h2.command.dml.Delete.update(Delete.java:92)
	at org.h2.command.dml.DataChangeStatement.update(DataChangeStatement.java:74)
	at org.h2.command.CommandContainer.update(CommandContainer.java:169)
	at org.h2.command.Command.executeUpdate(Command.java:256)
	at org.h2.jdbc.JdbcPreparedStatement.executeUpdateInternal(JdbcPreparedStatement.java:216)
	at org.h2.jdbc.JdbcPreparedStatement.executeUpdate(JdbcPreparedStatement.java:174)
	at com.zaxxer.hikari.pool.ProxyPreparedStatement.executeUpdate(ProxyPreparedStatement.java:61)
	at com.zaxxer.hikari.pool.HikariProxyPreparedStatement.executeUpdate(HikariProxyPreparedStatement.java)
	at org.hibernate.engine.jdbc.internal.ResultSetReturnImpl.executeUpdate(ResultSetReturnImpl.java:194)
	... 38 more
]]></error>
    <system-out><![CDATA[Hibernate: 
    select
        ae1_0.id,
        ae1_0.age,
        ae1_0.hideden_field,
        ae1_0.name 
    from
        authors ae1_0
Hibernate: 
    delete 
    from
        authors 
    where
        id=?
Hibernate: 
    delete 
    from
        authors 
    where
        id=?
Hibernate: 
    delete 
    from
        authors 
    where
        id=?
Hibernate: 
    delete 
    from
        authors 
    where
        id=?
Hibernate: 
    delete 
    from
        authors 
    where
        id=?
Hibernate: 
    delete 
    from
        authors 
    where
        id=?
2024-12-21T22:17:15.348+01:00  WARN 18848 --- [           main] o.h.engine.jdbc.spi.SqlExceptionHelper   : SQL Error: 23503, SQLState: 23503
2024-12-21T22:17:15.348+01:00 ERROR 18848 --- [           main] o.h.engine.jdbc.spi.SqlExceptionHelper   : Intégrité référentielle violation de contrainte: "FKFJIXH2VYM2CVFJ3UFXJ91JEM7: PUBLIC.BOOKS FOREIGN KEY(AUTHOR_ID) REFERENCES PUBLIC.AUTHORS(ID) (CAST(252 AS BIGINT))"
Referential integrity constraint violation: "FKFJIXH2VYM2CVFJ3UFXJ91JEM7: PUBLIC.BOOKS FOREIGN KEY(AUTHOR_ID) REFERENCES PUBLIC.AUTHORS(ID) (CAST(252 AS BIGINT))"; SQL statement:
delete from authors where id=? [23503-224]
]]></system-out>
  </testcase>
  <testcase name="testSaveAuthor" classname="com.example.demo.services.AuthorServicesIntegrationTests" time="0.016">
    <error message="could not execute statement [Intégrité référentielle violation de contrainte: &quot;FKFJIXH2VYM2CVFJ3UFXJ91JEM7: PUBLIC.BOOKS FOREIGN KEY(AUTHOR_ID) REFERENCES PUBLIC.AUTHORS(ID) (CAST(252 AS BIGINT))&quot;&#10;Referential integrity constraint violation: &quot;FKFJIXH2VYM2CVFJ3UFXJ91JEM7: PUBLIC.BOOKS FOREIGN KEY(AUTHOR_ID) REFERENCES PUBLIC.AUTHORS(ID) (CAST(252 AS BIGINT))&quot;; SQL statement:&#10;delete from authors where id=? [23503-224]] [delete from authors where id=?]; SQL [delete from authors where id=?]; constraint [FKFJIXH2VYM2CVFJ3UFXJ91JEM7: PUBLIC.BOOKS FOREIGN KEY(AUTHOR_ID) REFERENCES PUBLIC.AUTHORS(ID) (CAST(252 AS BIGINT)); SQL statement:&#10;delete from authors where id=? [23503-224]]" type="org.springframework.dao.DataIntegrityViolationException"><![CDATA[org.springframework.dao.DataIntegrityViolationException: 
could not execute statement [Intégrité référentielle violation de contrainte: "FKFJIXH2VYM2CVFJ3UFXJ91JEM7: PUBLIC.BOOKS FOREIGN KEY(AUTHOR_ID) REFERENCES PUBLIC.AUTHORS(ID) (CAST(252 AS BIGINT))"
Referential integrity constraint violation: "FKFJIXH2VYM2CVFJ3UFXJ91JEM7: PUBLIC.BOOKS FOREIGN KEY(AUTHOR_ID) REFERENCES PUBLIC.AUTHORS(ID) (CAST(252 AS BIGINT))"; SQL statement:
delete from authors where id=? [23503-224]] [delete from authors where id=?]; SQL [delete from authors where id=?]; constraint [FKFJIXH2VYM2CVFJ3UFXJ91JEM7: PUBLIC.BOOKS FOREIGN KEY(AUTHOR_ID) REFERENCES PUBLIC.AUTHORS(ID) (CAST(252 AS BIGINT)); SQL statement:
delete from authors where id=? [23503-224]]
	at org.springframework.orm.jpa.vendor.HibernateJpaDialect.convertHibernateAccessException(HibernateJpaDialect.java:290)
	at org.springframework.orm.jpa.vendor.HibernateJpaDialect.translateExceptionIfPossible(HibernateJpaDialect.java:241)
	at org.springframework.orm.jpa.JpaTransactionManager.doCommit(JpaTransactionManager.java:566)
	at org.springframework.transaction.support.AbstractPlatformTransactionManager.processCommit(AbstractPlatformTransactionManager.java:795)
	at org.springframework.transaction.support.AbstractPlatformTransactionManager.commit(AbstractPlatformTransactionManager.java:758)
	at org.springframework.transaction.interceptor.TransactionAspectSupport.commitTransactionAfterReturning(TransactionAspectSupport.java:663)
	at org.springframework.transaction.interceptor.TransactionAspectSupport.invokeWithinTransaction(TransactionAspectSupport.java:413)
	at org.springframework.transaction.interceptor.TransactionInterceptor.invoke(TransactionInterceptor.java:119)
	at org.springframework.aop.framework.ReflectiveMethodInvocation.proceed(ReflectiveMethodInvocation.java:184)
	at org.springframework.dao.support.PersistenceExceptionTranslationInterceptor.invoke(PersistenceExceptionTranslationInterceptor.java:138)
	at org.springframework.aop.framework.ReflectiveMethodInvocation.proceed(ReflectiveMethodInvocation.java:184)
	at org.springframework.data.jpa.repository.support.CrudMethodMetadataPostProcessor$CrudMethodMetadataPopulatingMethodInterceptor.invoke(CrudMethodMetadataPostProcessor.java:165)
	at org.springframework.aop.framework.ReflectiveMethodInvocation.proceed(ReflectiveMethodInvocation.java:184)
	at org.springframework.aop.interceptor.ExposeInvocationInterceptor.invoke(ExposeInvocationInterceptor.java:97)
	at org.springframework.aop.framework.ReflectiveMethodInvocation.proceed(ReflectiveMethodInvocation.java:184)
	at org.springframework.aop.framework.JdkDynamicAopProxy.invoke(JdkDynamicAopProxy.java:223)
	at jdk.proxy2/jdk.proxy2.$Proxy135.deleteAll(Unknown Source)
	at com.example.demo.services.AuthorServicesIntegrationTests.setUp(AuthorServicesIntegrationTests.java:32)
	at java.base/java.lang.reflect.Method.invoke(Method.java:580)
	at java.base/java.util.ArrayList.forEach(ArrayList.java:1596)
	at java.base/java.util.ArrayList.forEach(ArrayList.java:1596)
Caused by: org.hibernate.exception.ConstraintViolationException: could not execute statement [Intégrité référentielle violation de contrainte: "FKFJIXH2VYM2CVFJ3UFXJ91JEM7: PUBLIC.BOOKS FOREIGN KEY(AUTHOR_ID) REFERENCES PUBLIC.AUTHORS(ID) (CAST(252 AS BIGINT))"
Referential integrity constraint violation: "FKFJIXH2VYM2CVFJ3UFXJ91JEM7: PUBLIC.BOOKS FOREIGN KEY(AUTHOR_ID) REFERENCES PUBLIC.AUTHORS(ID) (CAST(252 AS BIGINT))"; SQL statement:
delete from authors where id=? [23503-224]] [delete from authors where id=?]
	at org.hibernate.exception.internal.SQLExceptionTypeDelegate.convert(SQLExceptionTypeDelegate.java:62)
	at org.hibernate.exception.internal.StandardSQLExceptionConverter.convert(StandardSQLExceptionConverter.java:58)
	at org.hibernate.engine.jdbc.spi.SqlExceptionHelper.convert(SqlExceptionHelper.java:108)
	at org.hibernate.engine.jdbc.internal.ResultSetReturnImpl.executeUpdate(ResultSetReturnImpl.java:197)
	at org.hibernate.engine.jdbc.mutation.internal.AbstractMutationExecutor.performNonBatchedMutation(AbstractMutationExecutor.java:134)
	at org.hibernate.engine.jdbc.mutation.internal.MutationExecutorSingleNonBatched.performNonBatchedOperations(MutationExecutorSingleNonBatched.java:55)
	at org.hibernate.engine.jdbc.mutation.internal.AbstractMutationExecutor.execute(AbstractMutationExecutor.java:55)
	at org.hibernate.persister.entity.mutation.AbstractDeleteCoordinator.doStaticDelete(AbstractDeleteCoordinator.java:279)
	at org.hibernate.persister.entity.mutation.AbstractDeleteCoordinator.delete(AbstractDeleteCoordinator.java:87)
	at org.hibernate.action.internal.EntityDeleteAction.execute(EntityDeleteAction.java:131)
	at org.hibernate.engine.spi.ActionQueue.executeActions(ActionQueue.java:633)
	at org.hibernate.engine.spi.ActionQueue.executeActions(ActionQueue.java:500)
	at org.hibernate.event.internal.AbstractFlushingEventListener.performExecutions(AbstractFlushingEventListener.java:385)
	at org.hibernate.event.internal.DefaultFlushEventListener.onFlush(DefaultFlushEventListener.java:41)
	at org.hibernate.event.service.internal.EventListenerGroupImpl.fireEventOnEachListener(EventListenerGroupImpl.java:127)
	at org.hibernate.internal.SessionImpl.doFlush(SessionImpl.java:1425)
	at org.hibernate.internal.SessionImpl.managedFlush(SessionImpl.java:487)
	at org.hibernate.internal.SessionImpl.flushBeforeTransactionCompletion(SessionImpl.java:2324)
	at org.hibernate.internal.SessionImpl.beforeTransactionCompletion(SessionImpl.java:1981)
	at org.hibernate.engine.jdbc.internal.JdbcCoordinatorImpl.beforeTransactionCompletion(JdbcCoordinatorImpl.java:439)
	at org.hibernate.resource.transaction.backend.jdbc.internal.JdbcResourceLocalTransactionCoordinatorImpl.beforeCompletionCallback(JdbcResourceLocalTransactionCoordinatorImpl.java:169)
	at org.hibernate.resource.transaction.backend.jdbc.internal.JdbcResourceLocalTransactionCoordinatorImpl$TransactionDriverControlImpl.commit(JdbcResourceLocalTransactionCoordinatorImpl.java:267)
	at org.hibernate.engine.transaction.internal.TransactionImpl.commit(TransactionImpl.java:101)
	at org.springframework.orm.jpa.JpaTransactionManager.doCommit(JpaTransactionManager.java:562)
	... 18 more
Caused by: org.h2.jdbc.JdbcSQLIntegrityConstraintViolationException: Intégrité référentielle violation de contrainte: "FKFJIXH2VYM2CVFJ3UFXJ91JEM7: PUBLIC.BOOKS FOREIGN KEY(AUTHOR_ID) REFERENCES PUBLIC.AUTHORS(ID) (CAST(252 AS BIGINT))"
Referential integrity constraint violation: "FKFJIXH2VYM2CVFJ3UFXJ91JEM7: PUBLIC.BOOKS FOREIGN KEY(AUTHOR_ID) REFERENCES PUBLIC.AUTHORS(ID) (CAST(252 AS BIGINT))"; SQL statement:
delete from authors where id=? [23503-224]
	at org.h2.message.DbException.getJdbcSQLException(DbException.java:520)
	at org.h2.message.DbException.getJdbcSQLException(DbException.java:489)
	at org.h2.message.DbException.get(DbException.java:223)
	at org.h2.message.DbException.get(DbException.java:199)
	at org.h2.constraint.ConstraintReferential.checkRow(ConstraintReferential.java:365)
	at org.h2.constraint.ConstraintReferential.checkRowRefTable(ConstraintReferential.java:382)
	at org.h2.constraint.ConstraintReferential.checkRow(ConstraintReferential.java:256)
	at org.h2.table.Table.fireConstraints(Table.java:1200)
	at org.h2.table.Table.fireAfterRow(Table.java:1218)
	at org.h2.command.dml.Delete.update(Delete.java:92)
	at org.h2.command.dml.DataChangeStatement.update(DataChangeStatement.java:74)
	at org.h2.command.CommandContainer.update(CommandContainer.java:169)
	at org.h2.command.Command.executeUpdate(Command.java:256)
	at org.h2.jdbc.JdbcPreparedStatement.executeUpdateInternal(JdbcPreparedStatement.java:216)
	at org.h2.jdbc.JdbcPreparedStatement.executeUpdate(JdbcPreparedStatement.java:174)
	at com.zaxxer.hikari.pool.ProxyPreparedStatement.executeUpdate(ProxyPreparedStatement.java:61)
	at com.zaxxer.hikari.pool.HikariProxyPreparedStatement.executeUpdate(HikariProxyPreparedStatement.java)
	at org.hibernate.engine.jdbc.internal.ResultSetReturnImpl.executeUpdate(ResultSetReturnImpl.java:194)
	... 38 more
]]></error>
    <system-out><![CDATA[Hibernate: 
    select
        ae1_0.id,
        ae1_0.age,
        ae1_0.hideden_field,
        ae1_0.name 
    from
        authors ae1_0
Hibernate: 
    delete 
    from
        authors 
    where
        id=?
Hibernate: 
    delete 
    from
        authors 
    where
        id=?
Hibernate: 
    delete 
    from
        authors 
    where
        id=?
Hibernate: 
    delete 
    from
        authors 
    where
        id=?
Hibernate: 
    delete 
    from
        authors 
    where
        id=?
Hibernate: 
    delete 
    from
        authors 
    where
        id=?
2024-12-21T22:17:15.366+01:00  WARN 18848 --- [           main] o.h.engine.jdbc.spi.SqlExceptionHelper   : SQL Error: 23503, SQLState: 23503
2024-12-21T22:17:15.366+01:00 ERROR 18848 --- [           main] o.h.engine.jdbc.spi.SqlExceptionHelper   : Intégrité référentielle violation de contrainte: "FKFJIXH2VYM2CVFJ3UFXJ91JEM7: PUBLIC.BOOKS FOREIGN KEY(AUTHOR_ID) REFERENCES PUBLIC.AUTHORS(ID) (CAST(252 AS BIGINT))"
Referential integrity constraint violation: "FKFJIXH2VYM2CVFJ3UFXJ91JEM7: PUBLIC.BOOKS FOREIGN KEY(AUTHOR_ID) REFERENCES PUBLIC.AUTHORS(ID) (CAST(252 AS BIGINT))"; SQL statement:
delete from authors where id=? [23503-224]
]]></system-out>
  </testcase>
  <testcase name="testFindAuthorById" classname="com.example.demo.services.AuthorServicesIntegrationTests" time="0.019">
    <error message="could not execute statement [Intégrité référentielle violation de contrainte: &quot;FKFJIXH2VYM2CVFJ3UFXJ91JEM7: PUBLIC.BOOKS FOREIGN KEY(AUTHOR_ID) REFERENCES PUBLIC.AUTHORS(ID) (CAST(252 AS BIGINT))&quot;&#10;Referential integrity constraint violation: &quot;FKFJIXH2VYM2CVFJ3UFXJ91JEM7: PUBLIC.BOOKS FOREIGN KEY(AUTHOR_ID) REFERENCES PUBLIC.AUTHORS(ID) (CAST(252 AS BIGINT))&quot;; SQL statement:&#10;delete from authors where id=? [23503-224]] [delete from authors where id=?]; SQL [delete from authors where id=?]; constraint [FKFJIXH2VYM2CVFJ3UFXJ91JEM7: PUBLIC.BOOKS FOREIGN KEY(AUTHOR_ID) REFERENCES PUBLIC.AUTHORS(ID) (CAST(252 AS BIGINT)); SQL statement:&#10;delete from authors where id=? [23503-224]]" type="org.springframework.dao.DataIntegrityViolationException"><![CDATA[org.springframework.dao.DataIntegrityViolationException: 
could not execute statement [Intégrité référentielle violation de contrainte: "FKFJIXH2VYM2CVFJ3UFXJ91JEM7: PUBLIC.BOOKS FOREIGN KEY(AUTHOR_ID) REFERENCES PUBLIC.AUTHORS(ID) (CAST(252 AS BIGINT))"
Referential integrity constraint violation: "FKFJIXH2VYM2CVFJ3UFXJ91JEM7: PUBLIC.BOOKS FOREIGN KEY(AUTHOR_ID) REFERENCES PUBLIC.AUTHORS(ID) (CAST(252 AS BIGINT))"; SQL statement:
delete from authors where id=? [23503-224]] [delete from authors where id=?]; SQL [delete from authors where id=?]; constraint [FKFJIXH2VYM2CVFJ3UFXJ91JEM7: PUBLIC.BOOKS FOREIGN KEY(AUTHOR_ID) REFERENCES PUBLIC.AUTHORS(ID) (CAST(252 AS BIGINT)); SQL statement:
delete from authors where id=? [23503-224]]
	at org.springframework.orm.jpa.vendor.HibernateJpaDialect.convertHibernateAccessException(HibernateJpaDialect.java:290)
	at org.springframework.orm.jpa.vendor.HibernateJpaDialect.translateExceptionIfPossible(HibernateJpaDialect.java:241)
	at org.springframework.orm.jpa.JpaTransactionManager.doCommit(JpaTransactionManager.java:566)
	at org.springframework.transaction.support.AbstractPlatformTransactionManager.processCommit(AbstractPlatformTransactionManager.java:795)
	at org.springframework.transaction.support.AbstractPlatformTransactionManager.commit(AbstractPlatformTransactionManager.java:758)
	at org.springframework.transaction.interceptor.TransactionAspectSupport.commitTransactionAfterReturning(TransactionAspectSupport.java:663)
	at org.springframework.transaction.interceptor.TransactionAspectSupport.invokeWithinTransaction(TransactionAspectSupport.java:413)
	at org.springframework.transaction.interceptor.TransactionInterceptor.invoke(TransactionInterceptor.java:119)
	at org.springframework.aop.framework.ReflectiveMethodInvocation.proceed(ReflectiveMethodInvocation.java:184)
	at org.springframework.dao.support.PersistenceExceptionTranslationInterceptor.invoke(PersistenceExceptionTranslationInterceptor.java:138)
	at org.springframework.aop.framework.ReflectiveMethodInvocation.proceed(ReflectiveMethodInvocation.java:184)
	at org.springframework.data.jpa.repository.support.CrudMethodMetadataPostProcessor$CrudMethodMetadataPopulatingMethodInterceptor.invoke(CrudMethodMetadataPostProcessor.java:165)
	at org.springframework.aop.framework.ReflectiveMethodInvocation.proceed(ReflectiveMethodInvocation.java:184)
	at org.springframework.aop.interceptor.ExposeInvocationInterceptor.invoke(ExposeInvocationInterceptor.java:97)
	at org.springframework.aop.framework.ReflectiveMethodInvocation.proceed(ReflectiveMethodInvocation.java:184)
	at org.springframework.aop.framework.JdkDynamicAopProxy.invoke(JdkDynamicAopProxy.java:223)
	at jdk.proxy2/jdk.proxy2.$Proxy135.deleteAll(Unknown Source)
	at com.example.demo.services.AuthorServicesIntegrationTests.setUp(AuthorServicesIntegrationTests.java:32)
	at java.base/java.lang.reflect.Method.invoke(Method.java:580)
	at java.base/java.util.ArrayList.forEach(ArrayList.java:1596)
	at java.base/java.util.ArrayList.forEach(ArrayList.java:1596)
Caused by: org.hibernate.exception.ConstraintViolationException: could not execute statement [Intégrité référentielle violation de contrainte: "FKFJIXH2VYM2CVFJ3UFXJ91JEM7: PUBLIC.BOOKS FOREIGN KEY(AUTHOR_ID) REFERENCES PUBLIC.AUTHORS(ID) (CAST(252 AS BIGINT))"
Referential integrity constraint violation: "FKFJIXH2VYM2CVFJ3UFXJ91JEM7: PUBLIC.BOOKS FOREIGN KEY(AUTHOR_ID) REFERENCES PUBLIC.AUTHORS(ID) (CAST(252 AS BIGINT))"; SQL statement:
delete from authors where id=? [23503-224]] [delete from authors where id=?]
	at org.hibernate.exception.internal.SQLExceptionTypeDelegate.convert(SQLExceptionTypeDelegate.java:62)
	at org.hibernate.exception.internal.StandardSQLExceptionConverter.convert(StandardSQLExceptionConverter.java:58)
	at org.hibernate.engine.jdbc.spi.SqlExceptionHelper.convert(SqlExceptionHelper.java:108)
	at org.hibernate.engine.jdbc.internal.ResultSetReturnImpl.executeUpdate(ResultSetReturnImpl.java:197)
	at org.hibernate.engine.jdbc.mutation.internal.AbstractMutationExecutor.performNonBatchedMutation(AbstractMutationExecutor.java:134)
	at org.hibernate.engine.jdbc.mutation.internal.MutationExecutorSingleNonBatched.performNonBatchedOperations(MutationExecutorSingleNonBatched.java:55)
	at org.hibernate.engine.jdbc.mutation.internal.AbstractMutationExecutor.execute(AbstractMutationExecutor.java:55)
	at org.hibernate.persister.entity.mutation.AbstractDeleteCoordinator.doStaticDelete(AbstractDeleteCoordinator.java:279)
	at org.hibernate.persister.entity.mutation.AbstractDeleteCoordinator.delete(AbstractDeleteCoordinator.java:87)
	at org.hibernate.action.internal.EntityDeleteAction.execute(EntityDeleteAction.java:131)
	at org.hibernate.engine.spi.ActionQueue.executeActions(ActionQueue.java:633)
	at org.hibernate.engine.spi.ActionQueue.executeActions(ActionQueue.java:500)
	at org.hibernate.event.internal.AbstractFlushingEventListener.performExecutions(AbstractFlushingEventListener.java:385)
	at org.hibernate.event.internal.DefaultFlushEventListener.onFlush(DefaultFlushEventListener.java:41)
	at org.hibernate.event.service.internal.EventListenerGroupImpl.fireEventOnEachListener(EventListenerGroupImpl.java:127)
	at org.hibernate.internal.SessionImpl.doFlush(SessionImpl.java:1425)
	at org.hibernate.internal.SessionImpl.managedFlush(SessionImpl.java:487)
	at org.hibernate.internal.SessionImpl.flushBeforeTransactionCompletion(SessionImpl.java:2324)
	at org.hibernate.internal.SessionImpl.beforeTransactionCompletion(SessionImpl.java:1981)
	at org.hibernate.engine.jdbc.internal.JdbcCoordinatorImpl.beforeTransactionCompletion(JdbcCoordinatorImpl.java:439)
	at org.hibernate.resource.transaction.backend.jdbc.internal.JdbcResourceLocalTransactionCoordinatorImpl.beforeCompletionCallback(JdbcResourceLocalTransactionCoordinatorImpl.java:169)
	at org.hibernate.resource.transaction.backend.jdbc.internal.JdbcResourceLocalTransactionCoordinatorImpl$TransactionDriverControlImpl.commit(JdbcResourceLocalTransactionCoordinatorImpl.java:267)
	at org.hibernate.engine.transaction.internal.TransactionImpl.commit(TransactionImpl.java:101)
	at org.springframework.orm.jpa.JpaTransactionManager.doCommit(JpaTransactionManager.java:562)
	... 18 more
Caused by: org.h2.jdbc.JdbcSQLIntegrityConstraintViolationException: Intégrité référentielle violation de contrainte: "FKFJIXH2VYM2CVFJ3UFXJ91JEM7: PUBLIC.BOOKS FOREIGN KEY(AUTHOR_ID) REFERENCES PUBLIC.AUTHORS(ID) (CAST(252 AS BIGINT))"
Referential integrity constraint violation: "FKFJIXH2VYM2CVFJ3UFXJ91JEM7: PUBLIC.BOOKS FOREIGN KEY(AUTHOR_ID) REFERENCES PUBLIC.AUTHORS(ID) (CAST(252 AS BIGINT))"; SQL statement:
delete from authors where id=? [23503-224]
	at org.h2.message.DbException.getJdbcSQLException(DbException.java:520)
	at org.h2.message.DbException.getJdbcSQLException(DbException.java:489)
	at org.h2.message.DbException.get(DbException.java:223)
	at org.h2.message.DbException.get(DbException.java:199)
	at org.h2.constraint.ConstraintReferential.checkRow(ConstraintReferential.java:365)
	at org.h2.constraint.ConstraintReferential.checkRowRefTable(ConstraintReferential.java:382)
	at org.h2.constraint.ConstraintReferential.checkRow(ConstraintReferential.java:256)
	at org.h2.table.Table.fireConstraints(Table.java:1200)
	at org.h2.table.Table.fireAfterRow(Table.java:1218)
	at org.h2.command.dml.Delete.update(Delete.java:92)
	at org.h2.command.dml.DataChangeStatement.update(DataChangeStatement.java:74)
	at org.h2.command.CommandContainer.update(CommandContainer.java:169)
	at org.h2.command.Command.executeUpdate(Command.java:256)
	at org.h2.jdbc.JdbcPreparedStatement.executeUpdateInternal(JdbcPreparedStatement.java:216)
	at org.h2.jdbc.JdbcPreparedStatement.executeUpdate(JdbcPreparedStatement.java:174)
	at com.zaxxer.hikari.pool.ProxyPreparedStatement.executeUpdate(ProxyPreparedStatement.java:61)
	at com.zaxxer.hikari.pool.HikariProxyPreparedStatement.executeUpdate(HikariProxyPreparedStatement.java)
	at org.hibernate.engine.jdbc.internal.ResultSetReturnImpl.executeUpdate(ResultSetReturnImpl.java:194)
	... 38 more
]]></error>
    <system-out><![CDATA[Hibernate: 
    select
        ae1_0.id,
        ae1_0.age,
        ae1_0.hideden_field,
        ae1_0.name 
    from
        authors ae1_0
Hibernate: 
    delete 
    from
        authors 
    where
        id=?
Hibernate: 
    delete 
    from
        authors 
    where
        id=?
Hibernate: 
    delete 
    from
        authors 
    where
        id=?
Hibernate: 
    delete 
    from
        authors 
    where
        id=?
Hibernate: 
    delete 
    from
        authors 
    where
        id=?
Hibernate: 
    delete 
    from
        authors 
    where
        id=?
2024-12-21T22:17:15.389+01:00  WARN 18848 --- [           main] o.h.engine.jdbc.spi.SqlExceptionHelper   : SQL Error: 23503, SQLState: 23503
2024-12-21T22:17:15.389+01:00 ERROR 18848 --- [           main] o.h.engine.jdbc.spi.SqlExceptionHelper   : Intégrité référentielle violation de contrainte: "FKFJIXH2VYM2CVFJ3UFXJ91JEM7: PUBLIC.BOOKS FOREIGN KEY(AUTHOR_ID) REFERENCES PUBLIC.AUTHORS(ID) (CAST(252 AS BIGINT))"
Referential integrity constraint violation: "FKFJIXH2VYM2CVFJ3UFXJ91JEM7: PUBLIC.BOOKS FOREIGN KEY(AUTHOR_ID) REFERENCES PUBLIC.AUTHORS(ID) (CAST(252 AS BIGINT))"; SQL statement:
delete from authors where id=? [23503-224]
]]></system-out>
  </testcase>
</testsuite>