<?xml version="1.0" encoding="UTF-8"?>
<testsuite xmlns:xsi="http://www.w3.org/2001/XMLSchema-instance" xsi:noNamespaceSchemaLocation="https://maven.apache.org/surefire/maven-surefire-plugin/xsd/surefire-test-report-3.0.xsd" version="3.0" name="com.example.demo.persistence.AuthorRepositoryUnitTests" time="0.514" tests="5" errors="0" skipped="0" failures="0">
  <properties>
[...]
</properties>
  <testcase name="testFindAllAuthors" classname="com.example.demo.persistence.AuthorRepositoryUnitTests" time="0.041">
    <system-out><![CDATA[2024-12-21T22:17:14.646+01:00  INFO 18848 --- [           main] t.c.s.AnnotationConfigContextLoaderUtils : Could not detect default configuration classes for test class [com.example.demo.persistence.AuthorRepositoryUnitTests]: AuthorRepositoryUnitTests does not declare any static, non-private, non-final, nested classes annotated with @Configuration.
2024-12-21T22:17:14.672+01:00  INFO 18848 --- [           main] .b.t.c.SpringBootTestContextBootstrapper : Found @SpringBootConfiguration com.example.demo.DemoApplication for test class com.example.demo.persistence.AuthorRepositoryUnitTests

  .   ____          _            __ _ _
 /\\ / ___'_ __ _ _(_)_ __  __ _ \ \ \ \
( ( )\___ | '_ | '_| | '_ \/ _` | \ \ \ \
 \\/  ___)| |_)| | | | | || (_| |  ) ) ) )
  '  |____| .__|_| |_|_| |_\__, | / / / /
 =========|_|==============|___/=/_/_/_/

 :: Spring Boot ::                (v3.3.5)

2024-12-21T22:17:14.696+01:00  INFO 18848 --- [           main] c.e.d.p.AuthorRepositoryUnitTests        : Starting AuthorRepositoryUnitTests using Java 21.0.5 with PID 18848 (started by HP in C:\Users\HP\Desktop\Coding\spring_boot_project-\supporting_project\supporting_project)
2024-12-21T22:17:14.697+01:00  INFO 18848 --- [           main] c.e.d.p.AuthorRepositoryUnitTests        : No active profile set, falling back to 1 default profile: "default"
2024-12-21T22:17:14.809+01:00  INFO 18848 --- [           main] .s.d.r.c.RepositoryConfigurationDelegate : Bootstrapping Spring Data JPA repositories in DEFAULT mode.
2024-12-21T22:17:14.828+01:00  INFO 18848 --- [           main] .s.d.r.c.RepositoryConfigurationDelegate : Finished Spring Data repository scanning in 18 ms. Found 3 JPA repository interfaces.
2024-12-21T22:17:14.842+01:00  INFO 18848 --- [           main] beddedDataSourceBeanFactoryPostProcessor : Replacing 'dataSource' DataSource bean with embedded version
2024-12-21T22:17:14.868+01:00  INFO 18848 --- [           main] o.s.j.d.e.EmbeddedDatabaseFactory        : Starting embedded database: url='jdbc:h2:mem:e4af7cf6-7621-4a40-a3d3-f1d3a4a53ff7;DB_CLOSE_DELAY=-1;DB_CLOSE_ON_EXIT=false', username='sa'
2024-12-21T22:17:14.892+01:00  INFO 18848 --- [           main] o.hibernate.jpa.internal.util.LogHelper  : HHH000204: Processing PersistenceUnitInfo [name: default]
2024-12-21T22:17:14.897+01:00  INFO 18848 --- [           main] o.h.c.internal.RegionFactoryInitiator    : HHH000026: Second-level cache disabled
2024-12-21T22:17:14.913+01:00  INFO 18848 --- [           main] o.s.o.j.p.SpringPersistenceUnitInfo      : No LoadTimeWeaver setup: ignoring JPA class transformer
2024-12-21T22:17:14.916+01:00  WARN 18848 --- [           main] org.hibernate.orm.deprecation            : HHH90000025: H2Dialect does not need to be specified explicitly using 'hibernate.dialect' (remove the property setting and it will be selected by default)
2024-12-21T22:17:15.006+01:00  INFO 18848 --- [           main] o.h.e.t.j.p.i.JtaPlatformInitiator       : HHH000489: No JTA platform available (set 'hibernate.transaction.jta.platform' to enable JTA platform integration)
Hibernate: 
    create table authors (
        id bigint not null,
        age integer not null,
        hideden_field varchar(255),
        name varchar(255) not null,
        primary key (id)
    )
Hibernate: 
    create table books (
        id bigint not null,
        publish_date timestamp(6) not null,
        title varchar(255) not null,
        author_id bigint not null,
        category_id bigint not null,
        primary key (id)
    )
Hibernate: 
    create table categories (
        id bigint not null,
        label varchar(255) not null,
        primary key (id)
    )
Hibernate: 
    create sequence authors_seq start with 1 increment by 50
Hibernate: 
    create sequence books_seq start with 1 increment by 50
Hibernate: 
    create sequence categories_seq start with 1 increment by 50
Hibernate: 
    alter table if exists books 
       add constraint FKfjixh2vym2cvfj3ufxj91jem7 
       foreign key (author_id) 
       references authors
Hibernate: 
    alter table if exists books 
       add constraint FKleqa3hhc0uhfvurq6mil47xk0 
       foreign key (category_id) 
       references categories
2024-12-21T22:17:15.023+01:00  INFO 18848 --- [           main] j.LocalContainerEntityManagerFactoryBean : Initialized JPA EntityManagerFactory for persistence unit 'default'
2024-12-21T22:17:15.077+01:00  INFO 18848 --- [           main] c.e.d.p.AuthorRepositoryUnitTests        : Started AuthorRepositoryUnitTests in 0.401 seconds (process running for 17.338)
Hibernate: 
    select
        next value for authors_seq
Hibernate: 
    select
        next value for authors_seq
Hibernate: 
    insert 
    into
        authors
        (age, hideden_field, name, id) 
    values
        (?, ?, ?, ?)
Hibernate: 
    insert 
    into
        authors
        (age, hideden_field, name, id) 
    values
        (?, ?, ?, ?)
Hibernate: 
    select
        ae1_0.id,
        ae1_0.age,
        ae1_0.hideden_field,
        ae1_0.name 
    from
        authors ae1_0
]]></system-out>
  </testcase>
  <testcase name="testUpdateAuthor" classname="com.example.demo.persistence.AuthorRepositoryUnitTests" time="0.007"/>
  <testcase name="testDeleteAuthor" classname="com.example.demo.persistence.AuthorRepositoryUnitTests" time="0.008"/>
  <testcase name="testSaveAuthor" classname="com.example.demo.persistence.AuthorRepositoryUnitTests" time="0.007"/>
  <testcase name="testFindAuthorById" classname="com.example.demo.persistence.AuthorRepositoryUnitTests" time="0.007"/>
</testsuite>